2025-10-16 12:19:16,268 INFO: Flask app starting. Template folder: c:\Users\umesh\mini\sscdna\templates
File: c:\Users\umesh\mini\sscdna\flask_app.py:24
Function: <module>

2025-10-16 12:19:16,269 INFO: Available templates: ['base.html', 'error.html', 'nodes.html', 'register.html', 'rotate.html', 'verify.html']
File: c:\Users\umesh\mini\sscdna\flask_app.py:25
Function: <module>

2025-10-16 12:19:16,299 WARNING:  * Debugger is active!
File: C:\Users\umesh\AppData\Local\Packages\PythonSoftwareFoundation.Python.3.11_qbz5n2kfra8p0\LocalCache\local-packages\Python311\site-packages\werkzeug\_internal.py:97
Function: _log

2025-10-16 12:19:16,309 INFO:  * Debugger PIN: 123-245-935
File: C:\Users\umesh\AppData\Local\Packages\PythonSoftwareFoundation.Python.3.11_qbz5n2kfra8p0\LocalCache\local-packages\Python311\site-packages\werkzeug\_internal.py:97
Function: _log

2025-10-16 12:19:24,725 INFO: Rendering index with 5 nodes
File: c:\Users\umesh\mini\sscdna\flask_app.py:115
Function: index

2025-10-16 12:19:24,907 INFO: 127.0.0.1 - - [16/Oct/2025 12:19:24] "GET / HTTP/1.1" 200 -
File: C:\Users\umesh\AppData\Local\Packages\PythonSoftwareFoundation.Python.3.11_qbz5n2kfra8p0\LocalCache\local-packages\Python311\site-packages\werkzeug\_internal.py:97
Function: _log

2025-10-16 12:19:26,280 INFO: 127.0.0.1 - - [16/Oct/2025 12:19:26] "[33mGET /favicon.ico HTTP/1.1[0m" 404 -
File: C:\Users\umesh\AppData\Local\Packages\PythonSoftwareFoundation.Python.3.11_qbz5n2kfra8p0\LocalCache\local-packages\Python311\site-packages\werkzeug\_internal.py:97
Function: _log

2025-10-16 12:19:27,409 INFO: Rendering index with 5 nodes
File: c:\Users\umesh\mini\sscdna\flask_app.py:115
Function: index

2025-10-16 12:19:27,414 INFO: 127.0.0.1 - - [16/Oct/2025 12:19:27] "GET / HTTP/1.1" 200 -
File: C:\Users\umesh\AppData\Local\Packages\PythonSoftwareFoundation.Python.3.11_qbz5n2kfra8p0\LocalCache\local-packages\Python311\site-packages\werkzeug\_internal.py:97
Function: _log

2025-10-16 12:19:28,250 INFO: 127.0.0.1 - - [16/Oct/2025 12:19:28] "GET /register HTTP/1.1" 200 -
File: C:\Users\umesh\AppData\Local\Packages\PythonSoftwareFoundation.Python.3.11_qbz5n2kfra8p0\LocalCache\local-packages\Python311\site-packages\werkzeug\_internal.py:97
Function: _log

2025-10-16 12:19:29,470 INFO: 127.0.0.1 - - [16/Oct/2025 12:19:29] "GET /register HTTP/1.1" 200 -
File: C:\Users\umesh\AppData\Local\Packages\PythonSoftwareFoundation.Python.3.11_qbz5n2kfra8p0\LocalCache\local-packages\Python311\site-packages\werkzeug\_internal.py:97
Function: _log

2025-10-16 12:19:30,207 INFO: 127.0.0.1 - - [16/Oct/2025 12:19:30] "GET /verify HTTP/1.1" 200 -
File: C:\Users\umesh\AppData\Local\Packages\PythonSoftwareFoundation.Python.3.11_qbz5n2kfra8p0\LocalCache\local-packages\Python311\site-packages\werkzeug\_internal.py:97
Function: _log

2025-10-16 12:19:31,394 INFO: 127.0.0.1 - - [16/Oct/2025 12:19:31] "GET /rotate HTTP/1.1" 200 -
File: C:\Users\umesh\AppData\Local\Packages\PythonSoftwareFoundation.Python.3.11_qbz5n2kfra8p0\LocalCache\local-packages\Python311\site-packages\werkzeug\_internal.py:97
Function: _log

2025-10-16 12:19:34,001 INFO: Rendering index with 5 nodes
File: c:\Users\umesh\mini\sscdna\flask_app.py:115
Function: index

2025-10-16 12:19:34,004 INFO: 127.0.0.1 - - [16/Oct/2025 12:19:34] "GET / HTTP/1.1" 200 -
File: C:\Users\umesh\AppData\Local\Packages\PythonSoftwareFoundation.Python.3.11_qbz5n2kfra8p0\LocalCache\local-packages\Python311\site-packages\werkzeug\_internal.py:97
Function: _log

2025-10-16 12:20:27,717 INFO: 127.0.0.1 - - [16/Oct/2025 12:20:27] "GET /register HTTP/1.1" 200 -
File: C:\Users\umesh\AppData\Local\Packages\PythonSoftwareFoundation.Python.3.11_qbz5n2kfra8p0\LocalCache\local-packages\Python311\site-packages\werkzeug\_internal.py:97
Function: _log

2025-10-16 12:20:28,566 INFO: 127.0.0.1 - - [16/Oct/2025 12:20:28] "GET /verify HTTP/1.1" 200 -
File: C:\Users\umesh\AppData\Local\Packages\PythonSoftwareFoundation.Python.3.11_qbz5n2kfra8p0\LocalCache\local-packages\Python311\site-packages\werkzeug\_internal.py:97
Function: _log

2025-10-16 12:20:36,598 INFO: 127.0.0.1 - - [16/Oct/2025 12:20:36] "GET /rotate HTTP/1.1" 200 -
File: C:\Users\umesh\AppData\Local\Packages\PythonSoftwareFoundation.Python.3.11_qbz5n2kfra8p0\LocalCache\local-packages\Python311\site-packages\werkzeug\_internal.py:97
Function: _log

2025-10-16 12:20:37,680 INFO: 127.0.0.1 - - [16/Oct/2025 12:20:37] "GET /verify HTTP/1.1" 200 -
File: C:\Users\umesh\AppData\Local\Packages\PythonSoftwareFoundation.Python.3.11_qbz5n2kfra8p0\LocalCache\local-packages\Python311\site-packages\werkzeug\_internal.py:97
Function: _log

2025-10-16 12:20:38,426 INFO: 127.0.0.1 - - [16/Oct/2025 12:20:38] "GET /register HTTP/1.1" 200 -
File: C:\Users\umesh\AppData\Local\Packages\PythonSoftwareFoundation.Python.3.11_qbz5n2kfra8p0\LocalCache\local-packages\Python311\site-packages\werkzeug\_internal.py:97
Function: _log

2025-10-16 12:20:39,274 INFO: Rendering index with 5 nodes
File: c:\Users\umesh\mini\sscdna\flask_app.py:115
Function: index

2025-10-16 12:20:39,279 INFO: 127.0.0.1 - - [16/Oct/2025 12:20:39] "GET / HTTP/1.1" 200 -
File: C:\Users\umesh\AppData\Local\Packages\PythonSoftwareFoundation.Python.3.11_qbz5n2kfra8p0\LocalCache\local-packages\Python311\site-packages\werkzeug\_internal.py:97
Function: _log

2025-10-16 12:26:08,487 INFO: 127.0.0.1 - - [16/Oct/2025 12:26:08] "GET /register HTTP/1.1" 200 -
File: C:\Users\umesh\AppData\Local\Packages\PythonSoftwareFoundation.Python.3.11_qbz5n2kfra8p0\LocalCache\local-packages\Python311\site-packages\werkzeug\_internal.py:97
Function: _log

2025-10-16 12:26:10,629 INFO: 127.0.0.1 - - [16/Oct/2025 12:26:10] "GET /verify HTTP/1.1" 200 -
File: C:\Users\umesh\AppData\Local\Packages\PythonSoftwareFoundation.Python.3.11_qbz5n2kfra8p0\LocalCache\local-packages\Python311\site-packages\werkzeug\_internal.py:97
Function: _log

2025-10-16 12:26:12,311 INFO: Rendering index with 5 nodes
File: c:\Users\umesh\mini\sscdna\flask_app.py:115
Function: index

2025-10-16 12:26:12,313 INFO: 127.0.0.1 - - [16/Oct/2025 12:26:12] "GET / HTTP/1.1" 200 -
File: C:\Users\umesh\AppData\Local\Packages\PythonSoftwareFoundation.Python.3.11_qbz5n2kfra8p0\LocalCache\local-packages\Python311\site-packages\werkzeug\_internal.py:97
Function: _log

